D:\visual studio\IDE\MSBuild\Microsoft\VC\v170\Microsoft.CppBuild.targets(510,5): warning MSB8028: 中间目录(x64\Debug\)包含从另一个项目(Hana-SoftwareRenderer.vcxproj)共享的文件。   这会导致错误的清除和重新生成行为。
  camera.cpp
C:\Users\Administrator\Desktop\graph\render\Hana2\Hana-SoftwareRenderer-main\Hana-SoftwareRenderer\tgaimage.h(60,54): warning C4244: “=”: 从“float”转换到“unsigned char”，可能丢失数据
C:\Users\Administrator\Desktop\graph\render\Hana2\Hana-SoftwareRenderer-main\Hana-SoftwareRenderer\IShader.h(87,48): warning C4244: “参数”: 从“T”转换到“T”，可能丢失数据
          with
          [
              T=float
          ]
          and
          [
              T=int
          ]
C:\Users\Administrator\Desktop\graph\render\Hana2\Hana-SoftwareRenderer-main\Hana-SoftwareRenderer\IShader.h(87,22): warning C4244: “参数”: 从“T”转换到“T”，可能丢失数据
          with
          [
              T=float
          ]
          and
          [
              T=int
          ]
C:\Users\Administrator\Desktop\graph\render\Hana2\Hana-SoftwareRenderer-main\Hana-SoftwareRenderer\IShader.h(93,48): warning C4244: “参数”: 从“T”转换到“T”，可能丢失数据
          with
          [
              T=float
          ]
          and
          [
              T=int
          ]
C:\Users\Administrator\Desktop\graph\render\Hana2\Hana-SoftwareRenderer-main\Hana-SoftwareRenderer\IShader.h(93,22): warning C4244: “参数”: 从“T”转换到“T”，可能丢失数据
          with
          [
              T=float
          ]
          and
          [
              T=int
          ]
C:\Users\Administrator\Desktop\graph\render\Hana2\Hana-SoftwareRenderer-main\Hana-SoftwareRenderer\IShader.h(103,48): warning C4244: “参数”: 从“T”转换到“T”，可能丢失数据
          with
          [
              T=float
          ]
          and
          [
              T=int
          ]
C:\Users\Administrator\Desktop\graph\render\Hana2\Hana-SoftwareRenderer-main\Hana-SoftwareRenderer\IShader.h(103,22): warning C4244: “参数”: 从“T”转换到“T”，可能丢失数据
          with
          [
              T=float
          ]
          and
          [
              T=int
          ]
C:\Users\Administrator\Desktop\graph\render\Hana2\Hana-SoftwareRenderer-main\Hana-SoftwareRenderer\IShader.h(111,16): warning C4244: “初始化”: 从“int”转换到“float”，可能丢失数据
C:\Users\Administrator\Desktop\graph\render\Hana2\Hana-SoftwareRenderer-main\Hana-SoftwareRenderer\IShader.h(112,17): warning C4244: “初始化”: 从“int”转换到“float”，可能丢失数据
C:\Users\Administrator\Desktop\graph\render\Hana2\Hana-SoftwareRenderer-main\Hana-SoftwareRenderer\IShader.h(116,45): warning C4244: “参数”: 从“float”转换到“int”，可能丢失数据
C:\Users\Administrator\Desktop\graph\render\Hana2\Hana-SoftwareRenderer-main\Hana-SoftwareRenderer\IShader.h(116,38): warning C4244: “参数”: 从“float”转换到“int”，可能丢失数据
C:\Users\Administrator\Desktop\graph\render\Hana2\Hana-SoftwareRenderer-main\Hana-SoftwareRenderer\IShader.h(124,71): warning C4244: “参数”: 从“T”转换到“int”，可能丢失数据
          with
          [
              T=float
          ]
C:\Users\Administrator\Desktop\graph\render\Hana2\Hana-SoftwareRenderer-main\Hana-SoftwareRenderer\IShader.h(124,64): warning C4244: “参数”: 从“T”转换到“int”，可能丢失数据
          with
          [
              T=float
          ]
  color.cpp
C:\Users\Administrator\Desktop\graph\render\Hana2\Hana-SoftwareRenderer-main\Hana-SoftwareRenderer\tgaimage.h(60,54): warning C4244: “=”: 从“float”转换到“unsigned char”，可能丢失数据
  gameobject.cpp
C:\Users\Administrator\Desktop\graph\render\Hana2\Hana-SoftwareRenderer-main\Hana-SoftwareRenderer\tgaimage.h(60,54): warning C4244: “=”: 从“float”转换到“unsigned char”，可能丢失数据
  graphics.cpp
C:\Users\Administrator\Desktop\graph\render\Hana2\Hana-SoftwareRenderer-main\Hana-SoftwareRenderer\tgaimage.h(60,54): warning C4244: “=”: 从“float”转换到“unsigned char”，可能丢失数据
C:\Users\Administrator\Desktop\graph\render\Hana2\Hana-SoftwareRenderer-main\Hana-SoftwareRenderer\IShader.h(87,48): warning C4244: “参数”: 从“T”转换到“T”，可能丢失数据
          with
          [
              T=float
          ]
          and
          [
              T=int
          ]
C:\Users\Administrator\Desktop\graph\render\Hana2\Hana-SoftwareRenderer-main\Hana-SoftwareRenderer\IShader.h(87,22): warning C4244: “参数”: 从“T”转换到“T”，可能丢失数据
          with
          [
              T=float
          ]
          and
          [
              T=int
          ]
C:\Users\Administrator\Desktop\graph\render\Hana2\Hana-SoftwareRenderer-main\Hana-SoftwareRenderer\IShader.h(93,48): warning C4244: “参数”: 从“T”转换到“T”，可能丢失数据
          with
          [
              T=float
          ]
          and
          [
              T=int
          ]
C:\Users\Administrator\Desktop\graph\render\Hana2\Hana-SoftwareRenderer-main\Hana-SoftwareRenderer\IShader.h(93,22): warning C4244: “参数”: 从“T”转换到“T”，可能丢失数据
          with
          [
              T=float
          ]
          and
          [
              T=int
          ]
C:\Users\Administrator\Desktop\graph\render\Hana2\Hana-SoftwareRenderer-main\Hana-SoftwareRenderer\IShader.h(103,48): warning C4244: “参数”: 从“T”转换到“T”，可能丢失数据
          with
          [
              T=float
          ]
          and
          [
              T=int
          ]
C:\Users\Administrator\Desktop\graph\render\Hana2\Hana-SoftwareRenderer-main\Hana-SoftwareRenderer\IShader.h(103,22): warning C4244: “参数”: 从“T”转换到“T”，可能丢失数据
          with
          [
              T=float
          ]
          and
          [
              T=int
          ]
C:\Users\Administrator\Desktop\graph\render\Hana2\Hana-SoftwareRenderer-main\Hana-SoftwareRenderer\IShader.h(111,16): warning C4244: “初始化”: 从“int”转换到“float”，可能丢失数据
C:\Users\Administrator\Desktop\graph\render\Hana2\Hana-SoftwareRenderer-main\Hana-SoftwareRenderer\IShader.h(112,17): warning C4244: “初始化”: 从“int”转换到“float”，可能丢失数据
C:\Users\Administrator\Desktop\graph\render\Hana2\Hana-SoftwareRenderer-main\Hana-SoftwareRenderer\IShader.h(116,45): warning C4244: “参数”: 从“float”转换到“int”，可能丢失数据
C:\Users\Administrator\Desktop\graph\render\Hana2\Hana-SoftwareRenderer-main\Hana-SoftwareRenderer\IShader.h(116,38): warning C4244: “参数”: 从“float”转换到“int”，可能丢失数据
C:\Users\Administrator\Desktop\graph\render\Hana2\Hana-SoftwareRenderer-main\Hana-SoftwareRenderer\IShader.h(124,71): warning C4244: “参数”: 从“T”转换到“int”，可能丢失数据
          with
          [
              T=float
          ]
C:\Users\Administrator\Desktop\graph\render\Hana2\Hana-SoftwareRenderer-main\Hana-SoftwareRenderer\IShader.h(124,64): warning C4244: “参数”: 从“T”转换到“int”，可能丢失数据
          with
          [
              T=float
          ]
C:\Users\Administrator\Desktop\graph\render\Hana2\Hana-SoftwareRenderer-main\Hana-SoftwareRenderer\graphics.cpp(184,65): warning C4244: “参数”: 从“int”转换到“T”，可能丢失数据
          with
          [
              T=float
          ]
C:\Users\Administrator\Desktop\graph\render\Hana2\Hana-SoftwareRenderer-main\Hana-SoftwareRenderer\graphics.cpp(184,38): warning C4244: “参数”: 从“int”转换到“T”，可能丢失数据
          with
          [
              T=float
          ]
C:\Users\Administrator\Desktop\graph\render\Hana2\Hana-SoftwareRenderer-main\Hana-SoftwareRenderer\graphics.cpp(193,20): warning C4244: “=”: 从“T”转换到“T”，可能丢失数据
          with
          [
              T=float
          ]
          and
          [
              T=int
          ]
C:\Users\Administrator\Desktop\graph\render\Hana2\Hana-SoftwareRenderer-main\Hana-SoftwareRenderer\graphics.cpp(194,21): warning C4244: “=”: 从“T”转换到“T”，可能丢失数据
          with
          [
              T=float
          ]
          and
          [
              T=int
          ]
  main.cpp
C:\Users\Administrator\Desktop\graph\render\Hana2\Hana-SoftwareRenderer-main\Hana-SoftwareRenderer\tgaimage.h(60,54): warning C4244: “=”: 从“float”转换到“unsigned char”，可能丢失数据
C:\Users\Administrator\Desktop\graph\render\Hana2\Hana-SoftwareRenderer-main\Hana-SoftwareRenderer\IShader.h(87,48): warning C4244: “参数”: 从“T”转换到“T”，可能丢失数据
          with
          [
              T=float
          ]
          and
          [
              T=int
          ]
C:\Users\Administrator\Desktop\graph\render\Hana2\Hana-SoftwareRenderer-main\Hana-SoftwareRenderer\IShader.h(87,22): warning C4244: “参数”: 从“T”转换到“T”，可能丢失数据
          with
          [
              T=float
          ]
          and
          [
              T=int
          ]
C:\Users\Administrator\Desktop\graph\render\Hana2\Hana-SoftwareRenderer-main\Hana-SoftwareRenderer\IShader.h(93,48): warning C4244: “参数”: 从“T”转换到“T”，可能丢失数据
          with
          [
              T=float
          ]
          and
          [
              T=int
          ]
C:\Users\Administrator\Desktop\graph\render\Hana2\Hana-SoftwareRenderer-main\Hana-SoftwareRenderer\IShader.h(93,22): warning C4244: “参数”: 从“T”转换到“T”，可能丢失数据
          with
          [
              T=float
          ]
          and
          [
              T=int
          ]
C:\Users\Administrator\Desktop\graph\render\Hana2\Hana-SoftwareRenderer-main\Hana-SoftwareRenderer\IShader.h(103,48): warning C4244: “参数”: 从“T”转换到“T”，可能丢失数据
          with
          [
              T=float
          ]
          and
          [
              T=int
          ]
C:\Users\Administrator\Desktop\graph\render\Hana2\Hana-SoftwareRenderer-main\Hana-SoftwareRenderer\IShader.h(103,22): warning C4244: “参数”: 从“T”转换到“T”，可能丢失数据
          with
          [
              T=float
          ]
          and
          [
              T=int
          ]
C:\Users\Administrator\Desktop\graph\render\Hana2\Hana-SoftwareRenderer-main\Hana-SoftwareRenderer\IShader.h(111,16): warning C4244: “初始化”: 从“int”转换到“float”，可能丢失数据
C:\Users\Administrator\Desktop\graph\render\Hana2\Hana-SoftwareRenderer-main\Hana-SoftwareRenderer\IShader.h(112,17): warning C4244: “初始化”: 从“int”转换到“float”，可能丢失数据
C:\Users\Administrator\Desktop\graph\render\Hana2\Hana-SoftwareRenderer-main\Hana-SoftwareRenderer\IShader.h(116,45): warning C4244: “参数”: 从“float”转换到“int”，可能丢失数据
C:\Users\Administrator\Desktop\graph\render\Hana2\Hana-SoftwareRenderer-main\Hana-SoftwareRenderer\IShader.h(116,38): warning C4244: “参数”: 从“float”转换到“int”，可能丢失数据
C:\Users\Administrator\Desktop\graph\render\Hana2\Hana-SoftwareRenderer-main\Hana-SoftwareRenderer\IShader.h(124,71): warning C4244: “参数”: 从“T”转换到“int”，可能丢失数据
          with
          [
              T=float
          ]
C:\Users\Administrator\Desktop\graph\render\Hana2\Hana-SoftwareRenderer-main\Hana-SoftwareRenderer\IShader.h(124,64): warning C4244: “参数”: 从“T”转换到“int”，可能丢失数据
          with
          [
              T=float
          ]
C:\Users\Administrator\Desktop\graph\render\Hana2\Hana-SoftwareRenderer-main\Hana-SoftwareRenderer\main.cpp(70,44): warning C4305: “初始化”: 从“double”到“float”截断
  maths.cpp
  scene.cpp
C:\Users\Administrator\Desktop\graph\render\Hana2\Hana-SoftwareRenderer-main\Hana-SoftwareRenderer\tgaimage.h(60,54): warning C4244: “=”: 从“float”转换到“unsigned char”，可能丢失数据
C:\Users\Administrator\Desktop\graph\render\Hana2\Hana-SoftwareRenderer-main\Hana-SoftwareRenderer\IShader.h(87,48): warning C4244: “参数”: 从“T”转换到“T”，可能丢失数据
          with
          [
              T=float
          ]
          and
          [
              T=int
          ]
C:\Users\Administrator\Desktop\graph\render\Hana2\Hana-SoftwareRenderer-main\Hana-SoftwareRenderer\IShader.h(87,22): warning C4244: “参数”: 从“T”转换到“T”，可能丢失数据
          with
          [
              T=float
          ]
          and
          [
              T=int
          ]
C:\Users\Administrator\Desktop\graph\render\Hana2\Hana-SoftwareRenderer-main\Hana-SoftwareRenderer\IShader.h(93,48): warning C4244: “参数”: 从“T”转换到“T”，可能丢失数据
          with
          [
              T=float
          ]
          and
          [
              T=int
          ]
C:\Users\Administrator\Desktop\graph\render\Hana2\Hana-SoftwareRenderer-main\Hana-SoftwareRenderer\IShader.h(93,22): warning C4244: “参数”: 从“T”转换到“T”，可能丢失数据
          with
          [
              T=float
          ]
          and
          [
              T=int
          ]
C:\Users\Administrator\Desktop\graph\render\Hana2\Hana-SoftwareRenderer-main\Hana-SoftwareRenderer\IShader.h(103,48): warning C4244: “参数”: 从“T”转换到“T”，可能丢失数据
          with
          [
              T=float
          ]
          and
          [
              T=int
          ]
C:\Users\Administrator\Desktop\graph\render\Hana2\Hana-SoftwareRenderer-main\Hana-SoftwareRenderer\IShader.h(103,22): warning C4244: “参数”: 从“T”转换到“T”，可能丢失数据
          with
          [
              T=float
          ]
          and
          [
              T=int
          ]
C:\Users\Administrator\Desktop\graph\render\Hana2\Hana-SoftwareRenderer-main\Hana-SoftwareRenderer\IShader.h(111,16): warning C4244: “初始化”: 从“int”转换到“float”，可能丢失数据
C:\Users\Administrator\Desktop\graph\render\Hana2\Hana-SoftwareRenderer-main\Hana-SoftwareRenderer\IShader.h(112,17): warning C4244: “初始化”: 从“int”转换到“float”，可能丢失数据
C:\Users\Administrator\Desktop\graph\render\Hana2\Hana-SoftwareRenderer-main\Hana-SoftwareRenderer\IShader.h(116,45): warning C4244: “参数”: 从“float”转换到“int”，可能丢失数据
C:\Users\Administrator\Desktop\graph\render\Hana2\Hana-SoftwareRenderer-main\Hana-SoftwareRenderer\IShader.h(116,38): warning C4244: “参数”: 从“float”转换到“int”，可能丢失数据
C:\Users\Administrator\Desktop\graph\render\Hana2\Hana-SoftwareRenderer-main\Hana-SoftwareRenderer\IShader.h(124,71): warning C4244: “参数”: 从“T”转换到“int”，可能丢失数据
          with
          [
              T=float
          ]
C:\Users\Administrator\Desktop\graph\render\Hana2\Hana-SoftwareRenderer-main\Hana-SoftwareRenderer\IShader.h(124,64): warning C4244: “参数”: 从“T”转换到“int”，可能丢失数据
          with
          [
              T=float
          ]
  vector.cpp
C:\Users\Administrator\Desktop\graph\render\Hana2\Hana-SoftwareRenderer-main\Hana-SoftwareRenderer\vector.cpp(4,78): warning C4244: “初始化”: 从“const T”转换到“T”，可能丢失数据
          with
          [
              T=int
          ]
          and
          [
              T=float
          ]
C:\Users\Administrator\Desktop\graph\render\Hana2\Hana-SoftwareRenderer-main\Hana-SoftwareRenderer\vector.cpp(4,86): warning C4244: “初始化”: 从“const T”转换到“T”，可能丢失数据
          with
          [
              T=int
          ]
          and
          [
              T=float
          ]
C:\Users\Administrator\Desktop\graph\render\Hana2\Hana-SoftwareRenderer-main\Hana-SoftwareRenderer\vector.cpp(4,94): warning C4244: “初始化”: 从“const T”转换到“T”，可能丢失数据
          with
          [
              T=int
          ]
          and
          [
              T=float
          ]
C:\Users\Administrator\Desktop\graph\render\Hana2\Hana-SoftwareRenderer-main\Hana-SoftwareRenderer\vector.cpp(6,78): warning C4244: “初始化”: 从“const T”转换到“T”，可能丢失数据
          with
          [
              T=int
          ]
          and
          [
              T=float
          ]
C:\Users\Administrator\Desktop\graph\render\Hana2\Hana-SoftwareRenderer-main\Hana-SoftwareRenderer\vector.cpp(6,86): warning C4244: “初始化”: 从“const T”转换到“T”，可能丢失数据
          with
          [
              T=int
          ]
          and
          [
              T=float
          ]
  model.cpp
C:\Users\Administrator\Desktop\graph\render\Hana2\Hana-SoftwareRenderer-main\Hana-SoftwareRenderer\tgaimage.h(60,54): warning C4244: “=”: 从“float”转换到“unsigned char”，可能丢失数据
C:\Users\Administrator\Desktop\graph\render\Hana2\Hana-SoftwareRenderer-main\Hana-SoftwareRenderer\model.cpp(86,55): warning C4244: “参数”: 从“T”转换到“T”，可能丢失数据
          with
          [
              T=float
          ]
          and
          [
              T=int
          ]
C:\Users\Administrator\Desktop\graph\render\Hana2\Hana-SoftwareRenderer-main\Hana-SoftwareRenderer\model.cpp(86,21): warning C4244: “参数”: 从“T”转换到“T”，可能丢失数据
          with
          [
              T=float
          ]
          and
          [
              T=int
          ]
C:\Users\Administrator\Desktop\graph\render\Hana2\Hana-SoftwareRenderer-main\Hana-SoftwareRenderer\model.cpp(91,54): warning C4244: “参数”: 从“T”转换到“T”，可能丢失数据
          with
          [
              T=float
          ]
          and
          [
              T=int
          ]
C:\Users\Administrator\Desktop\graph\render\Hana2\Hana-SoftwareRenderer-main\Hana-SoftwareRenderer\model.cpp(91,21): warning C4244: “参数”: 从“T”转换到“T”，可能丢失数据
          with
          [
              T=float
          ]
          and
          [
              T=int
          ]
C:\Users\Administrator\Desktop\graph\render\Hana2\Hana-SoftwareRenderer-main\Hana-SoftwareRenderer\model.cpp(104,56): warning C4244: “参数”: 从“T”转换到“T”，可能丢失数据
          with
          [
              T=float
          ]
          and
          [
              T=int
          ]
C:\Users\Administrator\Desktop\graph\render\Hana2\Hana-SoftwareRenderer-main\Hana-SoftwareRenderer\model.cpp(104,21): warning C4244: “参数”: 从“T”转换到“T”，可能丢失数据
          with
          [
              T=float
          ]
          and
          [
              T=int
          ]
  IShader.cpp
C:\Users\Administrator\Desktop\graph\render\Hana2\Hana-SoftwareRenderer-main\Hana-SoftwareRenderer\tgaimage.h(60,54): warning C4244: “=”: 从“float”转换到“unsigned char”，可能丢失数据
C:\Users\Administrator\Desktop\graph\render\Hana2\Hana-SoftwareRenderer-main\Hana-SoftwareRenderer\IShader.h(87,48): warning C4244: “参数”: 从“T”转换到“T”，可能丢失数据
          with
          [
              T=float
          ]
          and
          [
              T=int
          ]
C:\Users\Administrator\Desktop\graph\render\Hana2\Hana-SoftwareRenderer-main\Hana-SoftwareRenderer\IShader.h(87,22): warning C4244: “参数”: 从“T”转换到“T”，可能丢失数据
          with
          [
              T=float
          ]
          and
          [
              T=int
          ]
C:\Users\Administrator\Desktop\graph\render\Hana2\Hana-SoftwareRenderer-main\Hana-SoftwareRenderer\IShader.h(93,48): warning C4244: “参数”: 从“T”转换到“T”，可能丢失数据
          with
          [
              T=float
          ]
          and
          [
              T=int
          ]
C:\Users\Administrator\Desktop\graph\render\Hana2\Hana-SoftwareRenderer-main\Hana-SoftwareRenderer\IShader.h(93,22): warning C4244: “参数”: 从“T”转换到“T”，可能丢失数据
          with
          [
              T=float
          ]
          and
          [
              T=int
          ]
C:\Users\Administrator\Desktop\graph\render\Hana2\Hana-SoftwareRenderer-main\Hana-SoftwareRenderer\IShader.h(103,48): warning C4244: “参数”: 从“T”转换到“T”，可能丢失数据
          with
          [
              T=float
          ]
          and
          [
              T=int
          ]
C:\Users\Administrator\Desktop\graph\render\Hana2\Hana-SoftwareRenderer-main\Hana-SoftwareRenderer\IShader.h(103,22): warning C4244: “参数”: 从“T”转换到“T”，可能丢失数据
          with
          [
              T=float
          ]
          and
          [
              T=int
          ]
C:\Users\Administrator\Desktop\graph\render\Hana2\Hana-SoftwareRenderer-main\Hana-SoftwareRenderer\IShader.h(111,16): warning C4244: “初始化”: 从“int”转换到“float”，可能丢失数据
C:\Users\Administrator\Desktop\graph\render\Hana2\Hana-SoftwareRenderer-main\Hana-SoftwareRenderer\IShader.h(112,17): warning C4244: “初始化”: 从“int”转换到“float”，可能丢失数据
C:\Users\Administrator\Desktop\graph\render\Hana2\Hana-SoftwareRenderer-main\Hana-SoftwareRenderer\IShader.h(116,45): warning C4244: “参数”: 从“float”转换到“int”，可能丢失数据
C:\Users\Administrator\Desktop\graph\render\Hana2\Hana-SoftwareRenderer-main\Hana-SoftwareRenderer\IShader.h(116,38): warning C4244: “参数”: 从“float”转换到“int”，可能丢失数据
C:\Users\Administrator\Desktop\graph\render\Hana2\Hana-SoftwareRenderer-main\Hana-SoftwareRenderer\IShader.h(124,71): warning C4244: “参数”: 从“T”转换到“int”，可能丢失数据
          with
          [
              T=float
          ]
C:\Users\Administrator\Desktop\graph\render\Hana2\Hana-SoftwareRenderer-main\Hana-SoftwareRenderer\IShader.h(124,64): warning C4244: “参数”: 从“T”转换到“int”，可能丢失数据
          with
          [
              T=float
          ]
C:\Users\Administrator\Desktop\graph\render\Hana2\Hana-SoftwareRenderer-main\Hana-SoftwareRenderer\IShader.cpp(33,43): warning C4305: “=”: 从“double”到“float”截断
C:\Users\Administrator\Desktop\graph\render\Hana2\Hana-SoftwareRenderer-main\Hana-SoftwareRenderer\IShader.cpp(34,43): warning C4305: “=”: 从“double”到“float”截断
C:\Users\Administrator\Desktop\graph\render\Hana2\Hana-SoftwareRenderer-main\Hana-SoftwareRenderer\IShader.cpp(35,43): warning C4305: “=”: 从“double”到“float”截断
C:\Users\Administrator\Desktop\graph\render\Hana2\Hana-SoftwareRenderer-main\Hana-SoftwareRenderer\IShader.cpp(36,43): warning C4305: “=”: 从“double”到“float”截断
C:\Users\Administrator\Desktop\graph\render\Hana2\Hana-SoftwareRenderer-main\Hana-SoftwareRenderer\IShader.cpp(107,42): warning C4244: “参数”: 从“int”转换到“float”，可能丢失数据
C:\Users\Administrator\Desktop\graph\render\Hana2\Hana-SoftwareRenderer-main\Hana-SoftwareRenderer\IShader.cpp(144,15): warning C4244: “=”: 从“double”转换到“T”，可能丢失数据
          with
          [
              T=float
          ]
C:\Users\Administrator\Desktop\graph\render\Hana2\Hana-SoftwareRenderer-main\Hana-SoftwareRenderer\IShader.cpp(160,42): warning C4244: “参数”: 从“int”转换到“float”，可能丢失数据
  renderbuffer.cpp
C:\Users\Administrator\Desktop\graph\render\Hana2\Hana-SoftwareRenderer-main\Hana-SoftwareRenderer\tgaimage.h(60,54): warning C4244: “=”: 从“float”转换到“unsigned char”，可能丢失数据
C:\Users\Administrator\Desktop\graph\render\Hana2\Hana-SoftwareRenderer-main\Hana-SoftwareRenderer\renderbuffer.cpp(41,36): warning C4244: “=”: 从“float”转换到“unsigned char”，可能丢失数据
C:\Users\Administrator\Desktop\graph\render\Hana2\Hana-SoftwareRenderer-main\Hana-SoftwareRenderer\renderbuffer.cpp(42,36): warning C4244: “=”: 从“float”转换到“unsigned char”，可能丢失数据
C:\Users\Administrator\Desktop\graph\render\Hana2\Hana-SoftwareRenderer-main\Hana-SoftwareRenderer\renderbuffer.cpp(43,36): warning C4244: “=”: 从“float”转换到“unsigned char”，可能丢失数据
C:\Users\Administrator\Desktop\graph\render\Hana2\Hana-SoftwareRenderer-main\Hana-SoftwareRenderer\renderbuffer.cpp(63,43): warning C4244: “=”: 从“float”转换到“unsigned char”，可能丢失数据
C:\Users\Administrator\Desktop\graph\render\Hana2\Hana-SoftwareRenderer-main\Hana-SoftwareRenderer\renderbuffer.cpp(64,43): warning C4244: “=”: 从“float”转换到“unsigned char”，可能丢失数据
C:\Users\Administrator\Desktop\graph\render\Hana2\Hana-SoftwareRenderer-main\Hana-SoftwareRenderer\renderbuffer.cpp(65,43): warning C4244: “=”: 从“float”转换到“unsigned char”，可能丢失数据
C:\Users\Administrator\Desktop\graph\render\Hana2\Hana-SoftwareRenderer-main\Hana-SoftwareRenderer\renderbuffer.cpp(66,43): warning C4244: “=”: 从“float”转换到“unsigned char”，可能丢失数据
  tgaimage.cpp
C:\Users\Administrator\Desktop\graph\render\Hana2\Hana-SoftwareRenderer-main\Hana-SoftwareRenderer\tgaimage.h(60,54): warning C4244: “=”: 从“float”转换到“unsigned char”，可能丢失数据
  win32.cpp
C:\Users\Administrator\Desktop\graph\render\Hana2\Hana-SoftwareRenderer-main\Hana-SoftwareRenderer\tgaimage.h(60,54): warning C4244: “=”: 从“float”转换到“unsigned char”，可能丢失数据
C:\Users\Administrator\Desktop\graph\render\Hana2\Hana-SoftwareRenderer-main\Hana-SoftwareRenderer\IShader.h(87,48): warning C4244: “参数”: 从“T”转换到“T”，可能丢失数据
          with
          [
              T=float
          ]
          and
          [
              T=int
          ]
C:\Users\Administrator\Desktop\graph\render\Hana2\Hana-SoftwareRenderer-main\Hana-SoftwareRenderer\IShader.h(87,22): warning C4244: “参数”: 从“T”转换到“T”，可能丢失数据
          with
          [
              T=float
          ]
          and
          [
              T=int
          ]
C:\Users\Administrator\Desktop\graph\render\Hana2\Hana-SoftwareRenderer-main\Hana-SoftwareRenderer\IShader.h(93,48): warning C4244: “参数”: 从“T”转换到“T”，可能丢失数据
          with
          [
              T=float
          ]
          and
          [
              T=int
          ]
C:\Users\Administrator\Desktop\graph\render\Hana2\Hana-SoftwareRenderer-main\Hana-SoftwareRenderer\IShader.h(93,22): warning C4244: “参数”: 从“T”转换到“T”，可能丢失数据
          with
          [
              T=float
          ]
          and
          [
              T=int
          ]
C:\Users\Administrator\Desktop\graph\render\Hana2\Hana-SoftwareRenderer-main\Hana-SoftwareRenderer\IShader.h(103,48): warning C4244: “参数”: 从“T”转换到“T”，可能丢失数据
          with
          [
              T=float
          ]
          and
          [
              T=int
          ]
C:\Users\Administrator\Desktop\graph\render\Hana2\Hana-SoftwareRenderer-main\Hana-SoftwareRenderer\IShader.h(103,22): warning C4244: “参数”: 从“T”转换到“T”，可能丢失数据
          with
          [
              T=float
          ]
          and
          [
              T=int
          ]
C:\Users\Administrator\Desktop\graph\render\Hana2\Hana-SoftwareRenderer-main\Hana-SoftwareRenderer\IShader.h(111,16): warning C4244: “初始化”: 从“int”转换到“float”，可能丢失数据
C:\Users\Administrator\Desktop\graph\render\Hana2\Hana-SoftwareRenderer-main\Hana-SoftwareRenderer\IShader.h(112,17): warning C4244: “初始化”: 从“int”转换到“float”，可能丢失数据
C:\Users\Administrator\Desktop\graph\render\Hana2\Hana-SoftwareRenderer-main\Hana-SoftwareRenderer\IShader.h(116,45): warning C4244: “参数”: 从“float”转换到“int”，可能丢失数据
C:\Users\Administrator\Desktop\graph\render\Hana2\Hana-SoftwareRenderer-main\Hana-SoftwareRenderer\IShader.h(116,38): warning C4244: “参数”: 从“float”转换到“int”，可能丢失数据
C:\Users\Administrator\Desktop\graph\render\Hana2\Hana-SoftwareRenderer-main\Hana-SoftwareRenderer\IShader.h(124,71): warning C4244: “参数”: 从“T”转换到“int”，可能丢失数据
          with
          [
              T=float
          ]
C:\Users\Administrator\Desktop\graph\render\Hana2\Hana-SoftwareRenderer-main\Hana-SoftwareRenderer\IShader.h(124,64): warning C4244: “参数”: 从“T”转换到“int”，可能丢失数据
          with
          [
              T=float
          ]
C:\Users\Administrator\Desktop\graph\render\Hana2\Hana-SoftwareRenderer-main\Hana-SoftwareRenderer\win32.cpp(303,26): warning C4244: “=”: 从“int”转换到“float”，可能丢失数据
C:\Users\Administrator\Desktop\graph\render\Hana2\Hana-SoftwareRenderer-main\Hana-SoftwareRenderer\win32.cpp(304,27): warning C4244: “=”: 从“int”转换到“float”，可能丢失数据
C:\Users\Administrator\Desktop\graph\render\Hana2\Hana-SoftwareRenderer-main\Hana-SoftwareRenderer\win32.cpp(343,78): warning C4244: “参数”: 从“float”转换到“int”，可能丢失数据
C:\Users\Administrator\Desktop\graph\render\Hana2\Hana-SoftwareRenderer-main\Hana-SoftwareRenderer\win32.cpp(343,29): warning C4244: “参数”: 从“float”转换到“int”，可能丢失数据
C:\Users\Administrator\Desktop\graph\render\Hana2\Hana-SoftwareRenderer-main\Hana-SoftwareRenderer\win32.cpp(344,82): warning C4244: “参数”: 从“float”转换到“int”，可能丢失数据
C:\Users\Administrator\Desktop\graph\render\Hana2\Hana-SoftwareRenderer-main\Hana-SoftwareRenderer\win32.cpp(344,32): warning C4244: “参数”: 从“float”转换到“int”，可能丢失数据
  正在生成代码...
  Hana-SoftwareRenderer.vcxproj -> C:\Users\Administrator\Desktop\graph\render\Hana2\Hana-SoftwareRenderer-main\Hana-SoftwareRenderer\x64\Debug\SoftwareRenderer.exe
  子目录或文件 C:\Users\Administrator\Desktop\graph\render\Hana2\Hana-SoftwareRenderer-main\Hana-SoftwareRenderer\x64\Debug\assets 已经存在。
  C:\Users\Administrator\Desktop\graph\render\Hana2\Hana-SoftwareRenderer-main\Hana-SoftwareRenderer\assets\african_head\african_head.obj
  C:\Users\Administrator\Desktop\graph\render\Hana2\Hana-SoftwareRenderer-main\Hana-SoftwareRenderer\assets\african_head\african_head_diffuse.tga
  C:\Users\Administrator\Desktop\graph\render\Hana2\Hana-SoftwareRenderer-main\Hana-SoftwareRenderer\assets\african_head\african_head_nm.tga
  C:\Users\Administrator\Desktop\graph\render\Hana2\Hana-SoftwareRenderer-main\Hana-SoftwareRenderer\assets\african_head\african_head_nm_tangent.tga
  C:\Users\Administrator\Desktop\graph\render\Hana2\Hana-SoftwareRenderer-main\Hana-SoftwareRenderer\assets\african_head\african_head_read_me.txt
  C:\Users\Administrator\Desktop\graph\render\Hana2\Hana-SoftwareRenderer-main\Hana-SoftwareRenderer\assets\african_head\african_head_spec.tga
  C:\Users\Administrator\Desktop\graph\render\Hana2\Hana-SoftwareRenderer-main\Hana-SoftwareRenderer\assets\african_head\african_head_SSS.jpg
  C:\Users\Administrator\Desktop\graph\render\Hana2\Hana-SoftwareRenderer-main\Hana-SoftwareRenderer\assets\diablo3_pose\diablo3_pose.obj
  C:\Users\Administrator\Desktop\graph\render\Hana2\Hana-SoftwareRenderer-main\Hana-SoftwareRenderer\assets\diablo3_pose\diablo3_pose_diffuse.tga
  C:\Users\Administrator\Desktop\graph\render\Hana2\Hana-SoftwareRenderer-main\Hana-SoftwareRenderer\assets\diablo3_pose\diablo3_pose_nm.tga
  C:\Users\Administrator\Desktop\graph\render\Hana2\Hana-SoftwareRenderer-main\Hana-SoftwareRenderer\assets\diablo3_pose\diablo3_pose_nm_tangent.tga
  C:\Users\Administrator\Desktop\graph\render\Hana2\Hana-SoftwareRenderer-main\Hana-SoftwareRenderer\assets\diablo3_pose\diablo3_pose_spec.tga
  复制了 12 个文件
